<?xml version="1.0" encoding="UTF-8"?>
<!-- Generated by org.testng.reporters.JUnitReportReporter -->
<testsuite hostname="LAPTOP-4NH819PF" failures="0" tests="1" name="com.vitiger.ContactModule.TC_39Add_ActivitiesinMore_information_of_an_Existing_contactaccording" time="16.223" errors="0" timestamp="2022-05-18T15:14:22 IST" skipped="0">
  <testcase classname="com.vitiger.ContactModule.TC_39Add_ActivitiesinMore_information_of_an_Existing_contactaccording" name="tc_39Add_ActivitiesinMore_information_of_an_Existing_contactaccording" time="16.223"/>
  <system-out/>
</testsuite> <!-- com.vitiger.ContactModule.TC_39Add_ActivitiesinMore_information_of_an_Existing_contactaccording -->
