<?xml version="1.0" encoding="UTF-8"?>
<!-- Generated by org.testng.reporters.JUnitReportReporter -->
<testsuite hostname="LAPTOP-4NH819PF" failures="0" tests="1" name="com.vitiger.ContactModule.TC_40Add_ActivitiesinMore_information_of_an_Existing_contactaccordingtoAddEventwithinvaliddate" time="13.363" errors="0" timestamp="2022-05-18T15:19:59 IST" skipped="0">
  <testcase classname="com.vitiger.ContactModule.TC_40Add_ActivitiesinMore_information_of_an_Existing_contactaccordingtoAddEventwithinvaliddate" name="tc_40Add_ActivitiesinMore_information_of_an_Existing_contactaccordingtoAddEventwithinvaliddate" time="13.363"/>
  <system-out/>
</testsuite> <!-- com.vitiger.ContactModule.TC_40Add_ActivitiesinMore_information_of_an_Existing_contactaccordingtoAddEventwithinvaliddate -->
