<?xml version="1.0" encoding="UTF-8"?>
<!-- Generated by org.testng.reporters.JUnitReportReporter -->
<testsuite hostname="LAPTOP-4NH819PF" failures="0" tests="1" name="com.vitiger.ContactModule.TC38AddActivitiesinMoreInformationofanExistingContact" time="38.703" errors="0" timestamp="2022-05-19T10:27:39 IST" skipped="0">
  <testcase classname="com.vitiger.ContactModule.TC38AddActivitiesinMoreInformationofanExistingContact" name="tc38AddActivitiesinMoreInformationofanExistingContact" time="38.703"/>
  <system-out/>
</testsuite> <!-- com.vitiger.ContactModule.TC38AddActivitiesinMoreInformationofanExistingContact -->
