<?xml version="1.0" encoding="UTF-8"?>
<!-- Generated by org.testng.reporters.JUnitReportReporter -->
<testsuite hostname="LAPTOP-4NH819PF" failures="0" tests="1" name="com.DocumentsTest.CreateDocumentTest" time="20.087" errors="0" timestamp="2022-05-30T15:50:50 IST" skipped="0">
  <testcase classname="com.DocumentsTest.CreateDocumentTest" name="createDocumentTest" time="20.087"/>
  <system-out>
    <![CDATA[Document Created successfully
TC pass
Actual result is--->Frame456 Expected Result is--->Frame456]]>
  </system-out>
</testsuite> <!-- com.DocumentsTest.CreateDocumentTest -->
