<?xml version="1.0" encoding="UTF-8"?>
<!-- Generated by org.testng.reporters.JUnitReportReporter -->
<testsuite hostname="LAPTOP-4NH819PF" failures="0" tests="1" name="com.PracticeTest.PracticeTest1" time="0.012" errors="0" timestamp="2022-05-19T14:51:31 IST" skipped="0">
  <testcase classname="com.PracticeTest.PracticeTest1" name="test3" time="0.012"/>
  <system-out>
    <![CDATA[Test3]]>
  </system-out>
</testsuite> <!-- com.PracticeTest.PracticeTest1 -->
