<?xml version="1.0" encoding="UTF-8"?>
<!-- Generated by org.testng.reporters.JUnitReportReporter -->
<testsuite hostname="LAPTOP-4NH819PF" failures="0" tests="1" name="com.vitiger.ContactModule.TC_37CreateMailMergeTemplateWithModuleOrganization" time="15.548" errors="0" timestamp="2022-05-19T10:26:39 IST" skipped="0">
  <testcase classname="com.vitiger.ContactModule.TC_37CreateMailMergeTemplateWithModuleOrganization" name="tc_37CreateMailMergeTemplateWithModuleOrganization" time="15.548"/>
  <system-out/>
</testsuite> <!-- com.vitiger.ContactModule.TC_37CreateMailMergeTemplateWithModuleOrganization -->
