<?xml version="1.0" encoding="UTF-8"?>
<!-- Generated by org.testng.reporters.JUnitReportReporter -->
<testsuite hostname="LAPTOP-4NH819PF" failures="0" tests="1" name="com.vtiger.CreateContactTest.CreateContactWithOrganization" time="43.635" errors="0" timestamp="2022-05-30T15:49:27 IST" skipped="0">
  <testcase classname="com.vtiger.CreateContactTest.CreateContactWithOrganization" name="createContactWithOrganization" time="43.635"/>
  <system-out>
    <![CDATA[OrganizationCreated successfully
TC pass
Actual result is--->TYSS_821 Expected Result is--->TYSS_821
Contacts Created successfully
TC pass
Actual result is--->SDET821 Expected Result is--->SDET821]]>
  </system-out>
</testsuite> <!-- com.vtiger.CreateContactTest.CreateContactWithOrganization -->
