<?xml version="1.0" encoding="UTF-8"?>
<!-- Generated by org.testng.reporters.JUnitReportReporter -->
<testsuite hostname="LAPTOP-4NH819PF" failures="0" tests="1" name="com.vtiger.CreateContactTest.CreateContactTest" time="27.436" errors="0" timestamp="2022-05-30T15:49:27 IST" skipped="0">
  <testcase classname="com.vtiger.CreateContactTest.CreateContactTest" name="createContactTest" time="27.436"/>
  <system-out>
    <![CDATA[Contacts Created successfully
TC pass
Actual result is--->SDET984 Expected Result is--->SDET984]]>
  </system-out>
</testsuite> <!-- com.vtiger.CreateContactTest.CreateContactTest -->
