<?xml version="1.0" encoding="UTF-8"?>
<!-- Generated by org.testng.reporters.JUnitReportReporter -->
<testsuite hostname="LAPTOP-4NH819PF" failures="0" tests="1" name="com.OrganizationTest.OrganixzationIndustry" time="22.058" errors="0" timestamp="2022-05-30T15:49:27 IST" skipped="0">
  <testcase classname="com.OrganizationTest.OrganixzationIndustry" name="organixzationIndustry" time="22.058"/>
  <system-out>
    <![CDATA[Organization Created successfully
TC pass
Actual result is--->TYSS_517 Expected Result is--->TYSS_517]]>
  </system-out>
</testsuite> <!-- com.OrganizationTest.OrganixzationIndustry -->
