<?xml version="1.0" encoding="UTF-8"?>
<!-- Generated by org.testng.reporters.JUnitReportReporter -->
<testsuite hostname="LAPTOP-4NH819PF" failures="0" tests="1" name="com.CampaignsTest.CreateCompaignTest" time="23.153" errors="0" timestamp="2022-05-30T15:49:27 IST" skipped="0">
  <testcase classname="com.CampaignsTest.CreateCompaignTest" name="createCompaignTest" time="23.153"/>
  <system-out>
    <![CDATA[Campaigns  Created successfully
TC pass
Actual result is--->[ CAM99 ] TSS_880 - Campaign Information Expected Result is--->TSS_880]]>
  </system-out>
</testsuite> <!-- com.CampaignsTest.CreateCompaignTest -->
