<?xml version="1.0" encoding="UTF-8"?>
<!-- Generated by org.testng.reporters.JUnitReportReporter -->
<testsuite hostname="LAPTOP-4NH819PF" failures="0" tests="1" name="com.CampaignsTest.CreateCampanignwithProduct" time="39.290" errors="0" timestamp="2022-05-30T15:49:27 IST" skipped="0">
  <testcase classname="com.CampaignsTest.CreateCampanignwithProduct" name="createCampanignwithProduct" time="39.290"/>
  <system-out>
    <![CDATA[ProductsCreated successfully
TC pass
Actual result is--->SDET647 Expected Result is--->SDET647
CampaignsCreated successfully
TC pass
Actual result is--->[ CAM98 ] TSS_647 - Campaign Information Expected Result is--->TSS_647]]>
  </system-out>
</testsuite> <!-- com.CampaignsTest.CreateCampanignwithProduct -->
