<?xml version="1.0" encoding="UTF-8"?>
<!-- Generated by org.testng.reporters.JUnitReportReporter -->
<testsuite hostname="LAPTOP-4NH819PF" failures="0" tests="1" name="com.CampaignsTest.CreateCompaignTest" time="26.295" errors="0" timestamp="2022-05-24T11:48:57 IST" skipped="0">
  <testcase classname="com.CampaignsTest.CreateCompaignTest" name="createCompaignTest" time="26.295"/>
  <system-out>
    <![CDATA[Campaigns  Created successfully
TC pass
Actual result is--->[ CAM92 ] TSS_664 - Campaign Information Expected Result is--->TSS_664]]>
  </system-out>
</testsuite> <!-- com.CampaignsTest.CreateCompaignTest -->
