<?xml version="1.0" encoding="UTF-8"?>
<!-- Generated by org.testng.reporters.JUnitReportReporter -->
<testsuite hostname="LAPTOP-4NH819PF" failures="0" tests="1" name="com.vitiger.ContactModule.TC_36CreateMailMergeTemplateWithModuleContact" time="42.159" errors="0" timestamp="2022-05-19T10:24:09 IST" skipped="0">
  <testcase classname="com.vitiger.ContactModule.TC_36CreateMailMergeTemplateWithModuleContact" name="tc_36CreateMailMergeTemplateWithModuleContact" time="42.159"/>
  <system-out/>
</testsuite> <!-- com.vitiger.ContactModule.TC_36CreateMailMergeTemplateWithModuleContact -->
